Performing C++ SOURCE FILE Test CMAKE_HAVE_LIBC_PTHREAD failed with the following output:
Change Dir: /home/usuario/Documentos/uni/programming/year2/LandscapeGUI/build/CMakeFiles/CMakeTmp

Run Build Command(s):/home/usuario/Qt/Tools/Ninja/ninja cmTC_74c66 && [1/2] Building CXX object CMakeFiles/cmTC_74c66.dir/src.cxx.o
[2/2] Linking CXX executable cmTC_74c66
FAILED: cmTC_74c66 
: && /usr/bin/g++   CMakeFiles/cmTC_74c66.dir/src.cxx.o -o cmTC_74c66   && :
CMakeFiles/cmTC_74c66.dir/src.cxx.o: En la función `main':
src.cxx:(.text+0x3e): referencia a `pthread_create' sin definir
src.cxx:(.text+0x4a): referencia a `pthread_detach' sin definir
src.cxx:(.text+0x56): referencia a `pthread_cancel' sin definir
src.cxx:(.text+0x67): referencia a `pthread_join' sin definir
src.cxx:(.text+0x7b): referencia a `pthread_atfork' sin definir
collect2: error: ld returned 1 exit status
ninja: build stopped: subcommand failed.


Source file was:
#include <pthread.h>

static void* test_func(void* data)
{
  return data;
}

int main(void)
{
  pthread_t thread;
  pthread_create(&thread, NULL, test_func, NULL);
  pthread_detach(thread);
  pthread_cancel(thread);
  pthread_join(thread, NULL);
  pthread_atfork(NULL, NULL, NULL);
  pthread_exit(NULL);

  return 0;
}

Determining if the function pthread_create exists in the pthreads failed with the following output:
Change Dir: /home/usuario/Documentos/uni/programming/year2/LandscapeGUI/build/CMakeFiles/CMakeTmp

Run Build Command(s):/home/usuario/Qt/Tools/Ninja/ninja cmTC_d3c1f && [1/2] Building CXX object CMakeFiles/cmTC_d3c1f.dir/CheckFunctionExists.cxx.o
[2/2] Linking CXX executable cmTC_d3c1f
FAILED: cmTC_d3c1f 
: && /usr/bin/g++ -DCHECK_FUNCTION_EXISTS=pthread_create  CMakeFiles/cmTC_d3c1f.dir/CheckFunctionExists.cxx.o -o cmTC_d3c1f  -lpthreads && :
/usr/bin/ld: no se puede encontrar -lpthreads
collect2: error: ld returned 1 exit status
ninja: build stopped: subcommand failed.



